This file contains any messages produced by compilers while
running configure, to aid debugging if configure makes a mistake.

It was created by FULL-PACKAGE-NAME configure VERSION, which was
generated by GNU Autoconf 2.69.  Invocation command line was

  $ ./configure --prefix /Users/8hachibee125/tmp

## --------- ##
## Platform. ##
## --------- ##

hostname = Dais-navi.local
uname -m = x86_64
uname -r = 11.4.2
uname -s = Darwin
uname -v = Darwin Kernel Version 11.4.2: Thu Aug 23 16:25:48 PDT 2012; root:xnu-1699.32.7~1/RELEASE_X86_64

/usr/bin/uname -p = i386
/bin/uname -X     = unknown

/bin/arch              = unknown
/usr/bin/arch -k       = unknown
/usr/convex/getsysinfo = unknown
/usr/bin/hostinfo      = Mach kernel version:
	 Darwin Kernel Version 11.4.2: Thu Aug 23 16:25:48 PDT 2012; root:xnu-1699.32.7~1/RELEASE_X86_64
Kernel configured for up to 8 processors.
4 processors are physically available.
8 processors are logically available.
Processor type: i486 (Intel 80486)
Processors active: 0 1 2 3 4 5 6 7
Primary memory available: 16.00 gigabytes
Default processor set: 131 tasks, 706 threads, 8 processors
Load average: 1.17, Mach factor: 6.82
/bin/machine           = unknown
/usr/bin/oslevel       = unknown
/bin/universe          = unknown

PATH: /usr/local/share/npm/bin
PATH: /usr/local/opt/rbenv/shims
PATH: /usr/local/bin
PATH: /usr/local/share/python
PATH: /usr/local/Cellar/ruby/2.0.0-p0/bin
PATH: /usr/local/opt/coreutils/libexec/gnubin
PATH: /usr/bin
PATH: /bin
PATH: /usr/sbin
PATH: /sbin
PATH: /Users/8hachibee125/Dropbox/sh
PATH: /Users/8hachibee125/bin


## ----------- ##
## Core tests. ##
## ----------- ##

configure:1882: checking for a BSD-compatible install
configure:1950: result: /usr/local/bin/ginstall -c
configure:1961: checking whether build environment is sane
configure:2016: result: yes
configure:2167: checking for a thread-safe mkdir -p
configure:2206: result: /usr/local/bin/gmkdir -p
configure:2213: checking for gawk
configure:2229: found /usr/local/bin/gawk
configure:2240: result: gawk
configure:2251: checking whether make sets $(MAKE)
configure:2273: result: yes
configure:2302: checking whether make supports nested variables
configure:2319: result: yes
configure:2461: checking for g++
configure:2477: found /usr/bin/g++
configure:2488: result: g++
configure:2515: checking for C++ compiler version
configure:2524: g++ --version >&5
i686-apple-darwin11-llvm-g++-4.2 (GCC) 4.2.1 (Based on Apple Inc. build 5658) (LLVM build 2336.11.00)
Copyright (C) 2007 Free Software Foundation, Inc.
This is free software; see the source for copying conditions.  There is NO
warranty; not even for MERCHANTABILITY or FITNESS FOR A PARTICULAR PURPOSE.

configure:2535: $? = 0
configure:2524: g++ -v >&5
Using built-in specs.
Target: i686-apple-darwin11
Configured with: /private/var/tmp/llvmgcc42/llvmgcc42-2336.11~148/src/configure --disable-checking --enable-werror --prefix=/Applications/Xcode.app/Contents/Developer/usr/llvm-gcc-4.2 --mandir=/share/man --enable-languages=c,objc,c++,obj-c++ --program-prefix=llvm- --program-transform-name=/^[cg][^.-]*$/s/$/-4.2/ --with-slibdir=/usr/lib --build=i686-apple-darwin11 --enable-llvm=/private/var/tmp/llvmgcc42/llvmgcc42-2336.11~148/dst-llvmCore/Developer/usr/local --program-prefix=i686-apple-darwin11- --host=x86_64-apple-darwin11 --target=i686-apple-darwin11 --with-gxx-include-dir=/usr/include/c++/4.2.1
Thread model: posix
gcc version 4.2.1 (Based on Apple Inc. build 5658) (LLVM build 2336.11.00)
configure:2535: $? = 0
configure:2524: g++ -V >&5
llvm-g++-4.2: argument to `-V' is missing
configure:2535: $? = 1
configure:2524: g++ -qversion >&5
i686-apple-darwin11-llvm-g++-4.2: no input files
configure:2535: $? = 1
configure:2555: checking whether the C++ compiler works
configure:2577: g++  -I/usr/local/opt/sqlite/include -L/usr/local/opt/sqlite/lib conftest.cpp  >&5
configure:2581: $? = 0
configure:2629: result: yes
configure:2632: checking for C++ compiler default output file name
configure:2634: result: a.out
configure:2640: checking for suffix of executables
configure:2647: g++ -o conftest  -I/usr/local/opt/sqlite/include -L/usr/local/opt/sqlite/lib conftest.cpp  >&5
configure:2651: $? = 0
configure:2673: result: 
configure:2695: checking whether we are cross compiling
configure:2703: g++ -o conftest  -I/usr/local/opt/sqlite/include -L/usr/local/opt/sqlite/lib conftest.cpp  >&5
configure:2707: $? = 0
configure:2714: ./conftest
configure:2718: $? = 0
configure:2733: result: no
configure:2738: checking for suffix of object files
configure:2760: g++ -c  -I/usr/local/opt/sqlite/include conftest.cpp >&5
configure:2764: $? = 0
configure:2785: result: o
configure:2789: checking whether we are using the GNU C++ compiler
configure:2808: g++ -c  -I/usr/local/opt/sqlite/include conftest.cpp >&5
configure:2808: $? = 0
configure:2817: result: yes
configure:2826: checking whether g++ accepts -g
configure:2846: g++ -c -g -I/usr/local/opt/sqlite/include conftest.cpp >&5
configure:2846: $? = 0
configure:2887: result: yes
configure:2921: checking for style of include used by make
configure:2949: result: GNU
configure:2975: checking dependency style of g++
configure:3086: result: gcc3
configure:3149: checking for gcc
configure:3165: found /usr/bin/gcc
configure:3176: result: gcc
configure:3405: checking for C compiler version
configure:3414: gcc --version >&5
i686-apple-darwin11-llvm-gcc-4.2 (GCC) 4.2.1 (Based on Apple Inc. build 5658) (LLVM build 2336.11.00)
Copyright (C) 2007 Free Software Foundation, Inc.
This is free software; see the source for copying conditions.  There is NO
warranty; not even for MERCHANTABILITY or FITNESS FOR A PARTICULAR PURPOSE.

configure:3425: $? = 0
configure:3414: gcc -v >&5
Using built-in specs.
Target: i686-apple-darwin11
Configured with: /private/var/tmp/llvmgcc42/llvmgcc42-2336.11~148/src/configure --disable-checking --enable-werror --prefix=/Applications/Xcode.app/Contents/Developer/usr/llvm-gcc-4.2 --mandir=/share/man --enable-languages=c,objc,c++,obj-c++ --program-prefix=llvm- --program-transform-name=/^[cg][^.-]*$/s/$/-4.2/ --with-slibdir=/usr/lib --build=i686-apple-darwin11 --enable-llvm=/private/var/tmp/llvmgcc42/llvmgcc42-2336.11~148/dst-llvmCore/Developer/usr/local --program-prefix=i686-apple-darwin11- --host=x86_64-apple-darwin11 --target=i686-apple-darwin11 --with-gxx-include-dir=/usr/include/c++/4.2.1
Thread model: posix
gcc version 4.2.1 (Based on Apple Inc. build 5658) (LLVM build 2336.11.00)
configure:3425: $? = 0
configure:3414: gcc -V >&5
llvm-gcc-4.2: argument to `-V' is missing
configure:3425: $? = 1
configure:3414: gcc -qversion >&5
i686-apple-darwin11-llvm-gcc-4.2: no input files
configure:3425: $? = 1
configure:3429: checking whether we are using the GNU C compiler
configure:3448: gcc -c  -I/usr/local/opt/sqlite/include conftest.c >&5
configure:3448: $? = 0
configure:3457: result: yes
configure:3466: checking whether gcc accepts -g
configure:3486: gcc -c -g -I/usr/local/opt/sqlite/include conftest.c >&5
configure:3486: $? = 0
configure:3527: result: yes
configure:3544: checking for gcc option to accept ISO C89
configure:3607: gcc  -c -g -O2 -I/usr/local/opt/sqlite/include conftest.c >&5
configure:3607: $? = 0
configure:3620: result: none needed
configure:3642: checking dependency style of gcc
configure:3753: result: gcc3
configure:3888: checking that generated files are newer than configure
configure:3894: result: done
configure:3921: creating ./config.status

## ---------------------- ##
## Running config.status. ##
## ---------------------- ##

This file was extended by FULL-PACKAGE-NAME config.status VERSION, which was
generated by GNU Autoconf 2.69.  Invocation command line was

  CONFIG_FILES    = 
  CONFIG_HEADERS  = 
  CONFIG_LINKS    = 
  CONFIG_COMMANDS = 
  $ ./config.status 

on Dais-navi.local

config.status:846: creating Makefile
config.status:846: creating src/Makefile
config.status:846: creating config.h
config.status:1027: config.h is unchanged
config.status:1075: executing depfiles commands

## ---------------- ##
## Cache variables. ##
## ---------------- ##

ac_cv_c_compiler_gnu=yes
ac_cv_cxx_compiler_gnu=yes
ac_cv_env_CCC_set=
ac_cv_env_CCC_value=
ac_cv_env_CC_set=
ac_cv_env_CC_value=
ac_cv_env_CFLAGS_set=
ac_cv_env_CFLAGS_value=
ac_cv_env_CPPFLAGS_set=set
ac_cv_env_CPPFLAGS_value=-I/usr/local/opt/sqlite/include
ac_cv_env_CXXFLAGS_set=
ac_cv_env_CXXFLAGS_value=
ac_cv_env_CXX_set=
ac_cv_env_CXX_value=
ac_cv_env_LDFLAGS_set=set
ac_cv_env_LDFLAGS_value=-L/usr/local/opt/sqlite/lib
ac_cv_env_LIBS_set=
ac_cv_env_LIBS_value=
ac_cv_env_build_alias_set=
ac_cv_env_build_alias_value=
ac_cv_env_host_alias_set=
ac_cv_env_host_alias_value=
ac_cv_env_target_alias_set=
ac_cv_env_target_alias_value=
ac_cv_objext=o
ac_cv_path_install='/usr/local/bin/ginstall -c'
ac_cv_path_mkdir=/usr/local/bin/gmkdir
ac_cv_prog_AWK=gawk
ac_cv_prog_ac_ct_CC=gcc
ac_cv_prog_ac_ct_CXX=g++
ac_cv_prog_cc_c89=
ac_cv_prog_cc_g=yes
ac_cv_prog_cxx_g=yes
ac_cv_prog_make_make_set=yes
am_cv_CC_dependencies_compiler_type=gcc3
am_cv_CXX_dependencies_compiler_type=gcc3
am_cv_make_support_nested_variables=yes

## ----------------- ##
## Output variables. ##
## ----------------- ##

ACLOCAL='${SHELL} /Users/8hachibee125/Dropbox/development/pointer/stl/missing aclocal-1.13'
AMDEPBACKSLASH='\'
AMDEP_FALSE='#'
AMDEP_TRUE=''
AMTAR='$${TAR-tar}'
AM_BACKSLASH='\'
AM_DEFAULT_V='$(AM_DEFAULT_VERBOSITY)'
AM_DEFAULT_VERBOSITY='1'
AM_V='$(V)'
AUTOCONF='${SHELL} /Users/8hachibee125/Dropbox/development/pointer/stl/missing autoconf'
AUTOHEADER='${SHELL} /Users/8hachibee125/Dropbox/development/pointer/stl/missing autoheader'
AUTOMAKE='${SHELL} /Users/8hachibee125/Dropbox/development/pointer/stl/missing automake-1.13'
AWK='gawk'
CC='gcc'
CCDEPMODE='depmode=gcc3'
CFLAGS='-g -O2'
CPPFLAGS='-I/usr/local/opt/sqlite/include'
CXX='g++'
CXXDEPMODE='depmode=gcc3'
CXXFLAGS='-g -O2'
CYGPATH_W='echo'
DEFS='-DHAVE_CONFIG_H'
DEPDIR='.deps'
ECHO_C='\c'
ECHO_N=''
ECHO_T=''
EXEEXT=''
INSTALL_DATA='${INSTALL} -m 644'
INSTALL_PROGRAM='${INSTALL}'
INSTALL_SCRIPT='${INSTALL}'
INSTALL_STRIP_PROGRAM='$(install_sh) -c -s'
LDFLAGS='-L/usr/local/opt/sqlite/lib'
LIBOBJS=''
LIBS=''
LTLIBOBJS=''
MAKEINFO='${SHELL} /Users/8hachibee125/Dropbox/development/pointer/stl/missing makeinfo'
MKDIR_P='/usr/local/bin/gmkdir -p'
OBJEXT='o'
PACKAGE='full-package-name'
PACKAGE_BUGREPORT='BUG-REPORT-ADDRESS'
PACKAGE_NAME='FULL-PACKAGE-NAME'
PACKAGE_STRING='FULL-PACKAGE-NAME VERSION'
PACKAGE_TARNAME='full-package-name'
PACKAGE_URL=''
PACKAGE_VERSION='VERSION'
PATH_SEPARATOR=':'
SET_MAKE=''
SHELL='/bin/sh'
STRIP=''
VERSION='VERSION'
ac_ct_CC='gcc'
ac_ct_CXX='g++'
am__EXEEXT_FALSE=''
am__EXEEXT_TRUE='#'
am__fastdepCC_FALSE='#'
am__fastdepCC_TRUE=''
am__fastdepCXX_FALSE='#'
am__fastdepCXX_TRUE=''
am__include='include'
am__isrc=''
am__leading_dot='.'
am__nodep='_no'
am__quote=''
am__tar='$${TAR-tar} chof - "$$tardir"'
am__untar='$${TAR-tar} xf -'
bindir='${exec_prefix}/bin'
build_alias=''
datadir='${datarootdir}'
datarootdir='${prefix}/share'
docdir='${datarootdir}/doc/${PACKAGE_TARNAME}'
dvidir='${docdir}'
exec_prefix='${prefix}'
host_alias=''
htmldir='${docdir}'
includedir='${prefix}/include'
infodir='${datarootdir}/info'
install_sh='${SHELL} /Users/8hachibee125/Dropbox/development/pointer/stl/install-sh'
libdir='${exec_prefix}/lib'
libexecdir='${exec_prefix}/libexec'
localedir='${datarootdir}/locale'
localstatedir='${prefix}/var'
mandir='${datarootdir}/man'
mkdir_p='$(MKDIR_P)'
oldincludedir='/usr/include'
pdfdir='${docdir}'
prefix='/Users/8hachibee125/tmp'
program_transform_name='s,x,x,'
psdir='${docdir}'
sbindir='${exec_prefix}/sbin'
sharedstatedir='${prefix}/com'
sysconfdir='${prefix}/etc'
target_alias=''

## ----------- ##
## confdefs.h. ##
## ----------- ##

/* confdefs.h */
#define PACKAGE_NAME "FULL-PACKAGE-NAME"
#define PACKAGE_TARNAME "full-package-name"
#define PACKAGE_VERSION "VERSION"
#define PACKAGE_STRING "FULL-PACKAGE-NAME VERSION"
#define PACKAGE_BUGREPORT "BUG-REPORT-ADDRESS"
#define PACKAGE_URL ""
#define PACKAGE "full-package-name"
#define VERSION "VERSION"

configure: exit 0
